🎮 run-spmc-macos.sh v0.10 — Sat Mar 14 11:50:34 CET 2026
   Backend: OpenGL (Intel Mac default — safest)
   Log:     /Users/matthias/Documents/GitHub/spaghettikart-maccheese/logs/run-20260314-1150.log
2026-03-14 11:50:34 [info] No config file yet — will be created on first launch

2026-03-14 11:50:34 [info] Preflight checks...
2026-03-14 11:50:34 [info] Binary:  10M

2026-03-14 11:50:34 [info] Launching SpaghettiKart (OpenGL)...
[2026-03-14 11:50:36.478] [info] [ArchiveManager.cpp:243] Reading archive: /Users/matthias/Documents/GitHub/spaghettikart-maccheese/SpaghettiKart/build-cmake/./spaghetti.o2r
[2026-03-14 11:50:36.479] [info] [ArchiveManager.cpp:275] Adding Archive /Users/matthias/Documents/GitHub/spaghettikart-maccheese/SpaghettiKart/build-cmake/./spaghetti.o2r to Archive Manager
[11:50:37.749] [Engine.cpp:187] [info] Spaghetti Kart 0
[11:50:37.749] [Engine.cpp:188] [info] Debug Mode deactivated
[11:50:37.754] [ModManager.cpp:86] [info] Created mods folder at: ./mods
[11:50:37.794] [ModManager.cpp:238] [info] Loaded mod: mk64-assets
Mod Name: mk64-assets
Version: 1.0.0-alpha1
Dependencies:

[11:50:37.795] [ModManager.cpp:238] [info] Loaded mod: extended-assets
Mod Name: extended-assets
Version: 1.0.0-alpha1
Dependencies:

[11:50:37.795] [ModManager.cpp:289] [info] [ModManager] Detected Mods:
[11:50:37.795] [ModManager.cpp:291] [info]  - spaghettikart-core v0.1.0
[11:50:37.795] [ModManager.cpp:291] [info]  - mk64-assets v1.0.0-alpha1
[11:50:37.795] [ModManager.cpp:291] [info]  - extended-assets v1.0.0-alpha1
[11:50:37.834] [ArchiveManager.cpp:275] [info] Adding Archive ./mk64.o2r to Archive Manager
[11:50:37.850] [ArchiveManager.cpp:275] [info] Adding Archive ./spaghetti.o2r to Archive Manager
[11:50:37.858] [Engine.cpp:547] [info] Loaded bank: sound/banks/bank_8
[11:50:37.861] [Engine.cpp:547] [info] Loaded bank: sound/banks/bank_10
[11:50:37.863] [Engine.cpp:547] [info] Loaded bank: sound/banks/bank_18
[11:50:37.866] [Engine.cpp:547] [info] Loaded bank: sound/banks/bank_15
[11:50:37.868] [Engine.cpp:547] [info] Loaded bank: sound/banks/bank_19
[11:50:37.868] [Engine.cpp:547] [info] Loaded bank: sound/banks/bank_13
[11:50:37.868] [Engine.cpp:547] [info] Loaded bank: sound/banks/bank_7
[11:50:37.868] [Engine.cpp:547] [info] Loaded bank: sound/banks/bank_16
[11:50:37.869] [Engine.cpp:547] [info] Loaded bank: sound/banks/bank_4
[11:50:37.869] [Engine.cpp:547] [info] Loaded bank: sound/banks/bank_14
[11:50:37.869] [Engine.cpp:547] [info] Loaded bank: sound/banks/bank_5
[11:50:37.885] [Engine.cpp:547] [info] Loaded bank: sound/banks/bank_0
[11:50:37.886] [Engine.cpp:547] [info] Loaded bank: sound/banks/bank_1
[11:50:37.886] [Engine.cpp:547] [info] Loaded bank: sound/banks/bank_2
[11:50:37.887] [Engine.cpp:547] [info] Loaded bank: sound/banks/bank_3
[11:50:37.887] [Engine.cpp:547] [info] Loaded bank: sound/banks/bank_6
[11:50:37.887] [Engine.cpp:547] [info] Loaded bank: sound/banks/bank_9
[11:50:37.887] [Engine.cpp:547] [info] Loaded bank: sound/banks/bank_11
[11:50:37.887] [Engine.cpp:547] [info] Loaded bank: sound/banks/bank_12
[11:50:37.887] [Engine.cpp:547] [info] Loaded bank: sound/banks/bank_17
[11:50:37.888] [Engine.cpp:547] [info] Loaded bank: sound/banks/bank_20
[11:50:37.888] [Engine.cpp:557] [info] Loaded sequence: sound/sequences/moo_moo_farm
[11:50:37.888] [Engine.cpp:557] [info] Loaded sequence: sound/sequences/rainbow_road
[11:50:37.888] [Engine.cpp:557] [info] Loaded sequence: sound/sequences/battle_arenas
[11:50:37.889] [Engine.cpp:557] [info] Loaded sequence: sound/sequences/finish_2nd_4th_place
[11:50:37.889] [Engine.cpp:557] [info] Loaded sequence: sound/sequences/star_jingle
[11:50:37.889] [Engine.cpp:557] [info] Loaded sequence: sound/sequences/luigi_raceway
[11:50:37.889] [Engine.cpp:557] [info] Loaded sequence: sound/sequences/royal_raceway
[11:50:37.889] [Engine.cpp:557] [info] Loaded sequence: sound/sequences/vs_battle_results
[11:50:37.890] [Engine.cpp:557] [info] Loaded sequence: sound/sequences/frappe_snowland
[11:50:37.890] [Engine.cpp:557] [info] Loaded sequence: sound/sequences/double_deck
[11:50:37.890] [Engine.cpp:557] [info] Loaded sequence: sound/sequences/award_ceremony_1st_3rd
[11:50:37.890] [Engine.cpp:557] [info] Loaded sequence: sound/sequences/main_menu
[11:50:37.890] [Engine.cpp:557] [info] Loaded sequence: sound/sequences/finish_1st_place
[11:50:37.891] [Engine.cpp:557] [info] Loaded sequence: sound/sequences/start_grid_gp_vs
[11:50:37.891] [Engine.cpp:557] [info] Loaded sequence: sound/sequences/banshee_boardwalk
[11:50:37.891] [Engine.cpp:557] [info] Loaded sequence: sound/sequences/sound_player
[11:50:37.891] [Engine.cpp:557] [info] Loaded sequence: sound/sequences/title_screen
[11:50:37.891] [Engine.cpp:557] [info] Loaded sequence: sound/sequences/start_gird_time_attack
[11:50:37.891] [Engine.cpp:557] [info] Loaded sequence: sound/sequences/choco_mountain
[11:50:37.892] [Engine.cpp:557] [info] Loaded sequence: sound/sequences/yoshi_valley
[11:50:37.892] [Engine.cpp:557] [info] Loaded sequence: sound/sequences/block_fort
[11:50:37.892] [Engine.cpp:557] [info] Loaded sequence: sound/sequences/bowsers_castle
[11:50:37.892] [Engine.cpp:557] [info] Loaded sequence: sound/sequences/game_over
[11:50:37.892] [Engine.cpp:557] [info] Loaded sequence: sound/sequences/toads_turnpike
[11:50:37.892] [Engine.cpp:557] [info] Loaded sequence: sound/sequences/losing_results
[11:50:37.892] [Engine.cpp:557] [info] Loaded sequence: sound/sequences/award_ceremony_buildup
[11:50:37.892] [Engine.cpp:557] [info] Loaded sequence: sound/sequences/staff_roll
[11:50:37.892] [Engine.cpp:557] [info] Loaded sequence: sound/sequences/award_ceremony_4th_8th
[11:50:37.892] [Engine.cpp:557] [info] Loaded sequence: sound/sequences/finish_5th_8th_place
[11:50:37.893] [Engine.cpp:557] [info] Loaded sequence: sound/sequences/dk_jungle
[11:50:37.893] [Engine.cpp:557] [info] Loaded sequence: sound/sequences/kalimari_desert
[11:50:37.893] [Engine.cpp:557] [info] Loaded sequence: sound/sequences/wario_stadium
[11:50:37.893] [Engine.cpp:557] [info] Loaded sequence: sound/sequences/koopa_troopa_beach
[11:50:37.893] [Engine.cpp:557] [info] Loaded sequence: sound/sequences/final_lap_fanfare
[11:50:37.893] [Engine.cpp:557] [info] Loaded sequence: sound/sequences/winning_results
[11:50:37.893] [Engine.cpp:557] [info] Loaded sequence: sound/sequences/mario_raceway
[11:50:37.893] [Engine.cpp:563] [info] Audio thread started
[11:50:37.894] [SceneManager.cpp:156] [info] [SceneManager] [LoadTrackInfo] Loading TrackInfo...
[SceneManager] [LoadTrackInfoData] ResourceName: hm:harbour, Name: harbour, DebugName: harbour, Length: 100m
[TrackBrowser] Added custom track harbour
[11:50:37.894] [SceneManager.cpp:182] [info] [SceneManager] [LoadTrackInfo] Loaded TrackInfo!

[Game] Registering Game Content...
[Game] Game Content Registered!

Pool Start: 0x1039e0580, Pool End: 0x1139e057f, size: 0xFFFFFFF
gNextFreeMemoryAddress: 0x1039E0580

[11:50:38.018] [os.cpp:23] [error] Failed add SDL game controller mappings from "./gamecontrollerdb.txt" (Invalid RWops)
Editor: Loading Editor...
Editor: Loading Complete!
[Registry] Invoking mk:luigi_raceway
[Registry] Invoking mk:luigi_raceway
[Registry] Invoking mk:luigi_raceway
[Registry] Invoking mk:luigi_raceway
[Registry] Invoking mk:luigi_raceway
[Registry] Invoking mk:luigi_raceway
[Registry] Invoking mk:luigi_raceway
[Registry] Invoking mk:luigi_raceway
[Registry] Invoking mk:luigi_raceway
[Registry] Invoking mk:luigi_raceway
[Registry] Invoking mk:luigi_raceway
[Registry] Invoking mk:luigi_raceway
[Registry] Invoking mk:luigi_raceway
[Registry] Invoking mk:luigi_raceway
[Registry] Invoking mk:luigi_raceway
[Registry] Invoking mk:luigi_raceway
[Registry] Invoking mk:luigi_raceway
[Registry] Invoking mk:luigi_raceway
[Registry] Invoking mk:luigi_raceway
[Registry] Invoking mk:luigi_raceway
[Registry] Invoking mk:luigi_raceway
[Registry] Invoking mk:luigi_raceway
[Registry] Invoking mk:luigi_raceway
[Registry] Invoking mk:luigi_raceway
[Registry] Invoking mk:luigi_raceway
[Registry] Invoking mk:luigi_raceway
[Registry] Invoking mk:luigi_raceway
[Registry] Invoking mk:luigi_raceway
[Registry] Invoking mk:luigi_raceway
[Registry] Invoking mk:luigi_raceway
[Registry] Invoking mk:luigi_raceway
[Registry] Invoking mk:luigi_raceway
[Registry] Invoking mk:luigi_raceway
[Registry] Invoking mk:luigi_raceway
[Registry] Invoking mk:luigi_raceway
[Registry] Invoking mk:luigi_raceway
[Registry] Invoking mk:luigi_raceway
[Registry] Invoking mk:luigi_raceway
[Registry] Invoking mk:luigi_raceway
[Registry] Invoking mk:luigi_raceway
[Registry] Invoking mk:luigi_raceway
[Registry] Invoking mk:luigi_raceway
[Registry] Invoking mk:luigi_raceway
[Registry] Invoking mk:luigi_raceway
[Registry] Invoking mk:luigi_raceway
[Registry] Invoking mk:luigi_raceway
[Registry] Invoking mk:luigi_raceway
[Registry] Invoking mk:luigi_raceway
[Registry] Invoking mk:luigi_raceway
[Registry] Invoking mk:luigi_raceway
[Registry] Invoking mk:luigi_raceway
[Registry] Invoking mk:luigi_raceway
[Registry] Invoking mk:luigi_raceway
[Registry] Invoking mk:luigi_raceway
[Registry] Invoking mk:luigi_raceway
[Registry] Invoking mk:luigi_raceway
[Registry] Invoking mk:luigi_raceway
[Registry] Invoking mk:luigi_raceway
[Registry] Invoking mk:luigi_raceway
[Registry] Invoking mk:luigi_raceway
[Registry] Invoking mk:luigi_raceway
[Registry] Invoking mk:luigi_raceway
[Registry] Invoking mk:luigi_raceway
[Registry] Invoking mk:luigi_raceway
[Registry] Invoking mk:luigi_raceway
[Registry] Invoking mk:luigi_raceway
[Registry] Invoking mk:luigi_raceway
[Registry] Invoking mk:luigi_raceway
[Registry] Invoking mk:luigi_raceway
[Registry] Invoking mk:luigi_raceway
[Registry] Invoking mk:luigi_raceway
[Registry] Invoking mk:luigi_raceway
[Registry] Invoking mk:luigi_raceway
[Registry] Invoking mk:luigi_raceway
[Registry] Invoking mk:luigi_raceway
[Registry] Invoking mk:luigi_raceway
[Registry] Invoking mk:luigi_raceway
[Registry] Invoking mk:luigi_raceway
[Registry] Invoking mk:luigi_raceway
[Registry] Invoking mk:luigi_raceway
[Registry] Invoking mk:luigi_raceway
[Registry] Invoking mk:luigi_raceway
[Registry] Invoking mk:luigi_raceway
[Registry] Invoking mk:luigi_raceway
[Registry] Invoking mk:luigi_raceway
[Registry] Invoking mk:luigi_raceway
[Registry] Invoking mk:luigi_raceway
[Registry] Invoking mk:luigi_raceway
[Registry] Invoking mk:luigi_raceway
[Registry] Invoking mk:luigi_raceway
[Registry] Invoking mk:luigi_raceway
[Registry] Invoking mk:luigi_raceway
[Registry] Invoking mk:luigi_raceway
[Registry] Invoking mk:luigi_raceway
[Registry] Invoking mk:luigi_raceway
[Registry] Invoking mk:luigi_raceway
[Registry] Invoking mk:luigi_raceway
[Registry] Invoking mk:luigi_raceway
[Registry] Invoking mk:luigi_raceway
[Registry] Invoking mk:luigi_raceway
[Registry] Invoking mk:luigi_raceway
[Registry] Invoking mk:luigi_raceway
[Registry] Invoking mk:luigi_raceway
[Registry] Invoking mk:luigi_raceway
[Registry] Invoking mk:luigi_raceway
[Registry] Invoking mk:luigi_raceway
[Registry] Invoking mk:luigi_raceway
[Registry] Invoking mk:luigi_raceway
[Registry] Invoking mk:luigi_raceway
[Registry] Invoking mk:luigi_raceway
[Registry] Invoking mk:luigi_raceway
[Registry] Invoking mk:luigi_raceway
[Registry] Invoking mk:luigi_raceway
[Registry] Invoking mk:luigi_raceway
[Registry] Invoking mk:luigi_raceway
[Registry] Invoking mk:luigi_raceway
[Registry] Invoking mk:luigi_raceway
[Registry] Invoking mk:luigi_raceway
[Registry] Invoking mk:luigi_raceway
[Registry] Invoking mk:luigi_raceway
[Registry] Invoking mk:luigi_raceway
[Registry] Invoking mk:luigi_raceway
[Registry] Invoking mk:luigi_raceway
[Registry] Invoking mk:luigi_raceway
[Registry] Invoking mk:luigi_raceway
[Registry] Invoking mk:luigi_raceway
[Registry] Invoking mk:luigi_raceway
[Registry] Invoking mk:luigi_raceway
[Registry] Invoking mk:luigi_raceway
[Registry] Invoking mk:luigi_raceway
[Registry] Invoking mk:luigi_raceway
[Registry] Invoking mk:luigi_raceway
[Registry] Invoking mk:luigi_raceway
[Registry] Invoking mk:luigi_raceway
[Registry] Invoking mk:luigi_raceway
[Registry] Invoking mk:luigi_raceway
[Registry] Invoking mk:luigi_raceway
[Registry] Invoking mk:luigi_raceway
[Registry] Invoking mk:luigi_raceway
[Registry] Invoking mk:luigi_raceway
[Registry] Invoking mk:luigi_raceway
[Registry] Invoking mk:luigi_raceway
[Registry] Invoking mk:luigi_raceway
[Registry] Invoking mk:luigi_raceway
[Registry] Invoking mk:luigi_raceway
[Registry] Invoking mk:luigi_raceway
[Registry] Invoking mk:luigi_raceway
[Registry] Invoking mk:luigi_raceway
[Registry] Invoking mk:luigi_raceway
[Registry] Invoking mk:luigi_raceway
[Registry] Invoking mk:luigi_raceway
[Registry] Invoking mk:luigi_raceway
[Registry] Invoking mk:luigi_raceway
[Registry] Invoking mk:luigi_raceway
[Registry] Invoking mk:luigi_raceway
[Registry] Invoking mk:luigi_raceway
[Registry] Invoking mk:luigi_raceway
[Registry] Invoking mk:luigi_raceway
[Registry] Invoking mk:luigi_raceway
[Registry] Invoking mk:luigi_raceway
[Registry] Invoking mk:luigi_raceway
[Registry] Invoking mk:luigi_raceway
[Registry] Invoking mk:luigi_raceway
[Registry] Invoking mk:luigi_raceway
[Registry] Invoking mk:luigi_raceway
[Registry] Invoking mk:luigi_raceway
[Registry] Invoking mk:luigi_raceway
[Registry] Invoking mk:luigi_raceway
[Registry] Invoking mk:luigi_raceway
[Registry] Invoking mk:luigi_raceway
[Registry] Invoking mk:luigi_raceway
[Registry] Invoking mk:luigi_raceway
[Registry] Invoking mk:luigi_raceway
[Registry] Invoking mk:luigi_raceway
[Registry] Invoking mk:luigi_raceway
[Registry] Invoking mk:luigi_raceway
[Registry] Invoking mk:luigi_raceway
[Registry] Invoking mk:luigi_raceway
[Registry] Invoking mk:luigi_raceway
Loading Track 8
[Game.cpp] Clean World
[Track] Loading... mk:luigi_raceway
[11:51:24.978] [code_800029B0.c:192] [debug] Setup Race!
[11:51:24.978] [code_800029B0.c:193] [debug] Game Speed: 2
