🛠 spmc-initial-setup.sh v0.10 — Sat Mar 14 09:53:23 CET 2026
   macOS: macOS 26.3.1
   Arch:  x86_64

🔧 Step 1: Xcode Command Line Tools
   ✅ /Library/Developer/CommandLineTools

🍺 Step 2: Homebrew
   ✅ Homebrew 5.0.16

📦 Step 3: Homebrew packages
   ✅ cmake 4.2.3
   ✅ ninja 1.13.2
   ✅ git 2.53.0
   ✅ python@3.14 3.14.3_1
   ✅ sdl2 2.32.10
   ✅ sdl2_net 2.2.0
   ✅ libpng 1.6.55
   ✅ glew 2.3.1
   ✅ nlohmann-json 3.12.0
   ✅ libzip 1.11.4_1
   ✅ tinyxml2 11.0.0
   Installing spdlog...
==> Auto-updating Homebrew...
Adjust how often this is run with `$HOMEBREW_AUTO_UPDATE_SECS` or disable with
`$HOMEBREW_NO_AUTO_UPDATE=1`. Hide these hints with `$HOMEBREW_NO_ENV_HINTS=1` (see `man brew`).
==> Downloading https://ghcr.io/v2/homebrew/core/portable-ruby/blobs/sha256:e4f27cef5f72bf7a99c748c0650fe3718fe661a56960dedaeec9c2c98de1d3bc
#=#=#                                                                           ##O#- #                                                                                                                                                     0.1%##                                                                          3.9%#################                                                          23.6%####################################                                       49.6%#########################################################                  78.2%######################################################################### 100.0%
==> Pouring portable-ruby-4.0.1.catalina.bottle.tar.gz
==> Fetching downloads for: spdlog
✔︎ Bottle Manifest spdlog (1.17.0)
✔︎ Bottle Manifest fmt (12.1.0)
✔︎ Bottle fmt (12.1.0)
✔︎ Bottle spdlog (1.17.0)
==> Installing spdlog dependency: fmt
==> Pouring fmt--12.1.0.sonoma.bottle.tar.gz
🍺  /usr/local/Cellar/fmt/12.1.0: 29 files, 1MB
==> Pouring spdlog--1.17.0.sonoma.bottle.tar.gz
🍺  /usr/local/Cellar/spdlog/1.17.0: 104 files, 1.5MB
==> Running `brew cleanup spdlog`...
Disable this behaviour by setting `HOMEBREW_NO_INSTALL_CLEANUP=1`.
Hide these hints with `HOMEBREW_NO_ENV_HINTS=1` (see `man brew`).
   Installing boost...
==> Fetching downloads for: boost
✔︎ Bottle Manifest boost (1.90.0_1)
✔︎ Bottle Manifest icu4c@78 (78.2)
✔︎ Bottle icu4c@78 (78.2)
✔︎ Bottle boost (1.90.0_1)
==> Installing boost dependency: icu4c@78
==> Pouring icu4c@78--78.2.sonoma.bottle.1.tar.gz
🍺  /usr/local/Cellar/icu4c@78/78.2: 279 files, 86.7MB
==> Pouring boost--1.90.0_1.sonoma.bottle.tar.gz
🍺  /usr/local/Cellar/boost/1.90.0_1: 16,261 files, 366.6MB
==> Running `brew cleanup boost`...
Disable this behaviour by setting `HOMEBREW_NO_INSTALL_CLEANUP=1`.
Hide these hints with `HOMEBREW_NO_ENV_HINTS=1` (see `man brew`).
   ✅ libogg 1.3.6
   ✅ libvorbis 1.3.7
   ✅ vorbis-tools 1.4.3

🎮 Step 4: ROM status
   Checking roms/ directory: /Users/matthias/Documents/GitHub/spaghettikart-maccheese/roms/

   · 🇺🇸 Mario Kart 64 US — not present → roms/mk64.us.z64
     SHA-1: 579C48E211AE952530FFC8738709F078D5DD215E
     Must be US version in .z64 format (convert .n64 if needed)

════════════════════════════════════════════════════════════════
✅ spmc-initial-setup.sh v0.10 complete!

   Next steps:
   1. Place ROM in roms/mk64.us.z64  (US, .z64 format)
   2. ./spmc-build.sh                # clone, extract assets, compile
   3. ./run-spmc-macos.sh            # launch SpaghettiKart
════════════════════════════════════════════════════════════════
