🎮 run-spmc-macos.sh v0.15 — Mon Mar 30 15:44:36 CEST 2026
   Backend: OpenGL (Intel Mac default — safest)
   Log:     /Users/matthias/Documents/GitHub/spaghettikart-maccheese/logs/run-20260330-1544.log
2026-03-30 15:44:36 [info] Config backup → logs/spaghettify.cfg.json.backup-20260330-1544

2026-03-30 15:44:36 [info] Patching backend → OpenGL (id 1)...
   Patched: Backend → OpenGL (id 1)

2026-03-30 15:44:36 [info] Preflight checks...
2026-03-30 15:44:36 [info] Binary:  10M

2026-03-30 15:44:36 [info] Launching SpaghettiKart (OpenGL)...
[2026-03-30 15:44:38.285] [info] [ArchiveManager.cpp:243] Reading archive: /Users/matthias/Documents/GitHub/spaghettikart-maccheese/SpaghettiKart/build-cmake/./spaghetti.o2r
[2026-03-30 15:44:38.286] [info] [ArchiveManager.cpp:275] Adding Archive /Users/matthias/Documents/GitHub/spaghettikart-maccheese/SpaghettiKart/build-cmake/./spaghetti.o2r to Archive Manager
[15:44:39.340] [Engine.cpp:187] [info] Spaghetti Kart 1.0.0-15-g7dba3c3c8
[15:44:39.340] [Engine.cpp:188] [info] Debug Mode deactivated
[15:44:39.412] [ModManager.cpp:238] [info] Loaded mod: mk64-assets
Mod Name: mk64-assets
Version: 1.0.0-alpha1
Dependencies:

[15:44:39.413] [ModManager.cpp:238] [info] Loaded mod: extended-assets
Mod Name: extended-assets
Version: 1.0.0-alpha1
Dependencies:

[15:44:39.413] [ModManager.cpp:289] [info] [ModManager] Detected Mods:
[15:44:39.413] [ModManager.cpp:291] [info]  - spaghettikart-core v1.0.0-15-g7dba3c3c8
[15:44:39.413] [ModManager.cpp:291] [info]  - mk64-assets v1.0.0-alpha1
[15:44:39.413] [ModManager.cpp:291] [info]  - extended-assets v1.0.0-alpha1
[15:44:39.475] [ArchiveManager.cpp:275] [info] Adding Archive ./mk64.o2r to Archive Manager
[15:44:39.504] [ArchiveManager.cpp:275] [info] Adding Archive ./spaghetti.o2r to Archive Manager
[15:44:39.511] [Engine.cpp:547] [info] Loaded bank: sound/banks/bank_8
[15:44:39.514] [Engine.cpp:547] [info] Loaded bank: sound/banks/bank_10
[15:44:39.517] [Engine.cpp:547] [info] Loaded bank: sound/banks/bank_18
[15:44:39.520] [Engine.cpp:547] [info] Loaded bank: sound/banks/bank_15
[15:44:39.522] [Engine.cpp:547] [info] Loaded bank: sound/banks/bank_19
[15:44:39.522] [Engine.cpp:547] [info] Loaded bank: sound/banks/bank_13
[15:44:39.523] [Engine.cpp:547] [info] Loaded bank: sound/banks/bank_7
[15:44:39.523] [Engine.cpp:547] [info] Loaded bank: sound/banks/bank_16
[15:44:39.523] [Engine.cpp:547] [info] Loaded bank: sound/banks/bank_4
[15:44:39.523] [Engine.cpp:547] [info] Loaded bank: sound/banks/bank_14
[15:44:39.524] [Engine.cpp:547] [info] Loaded bank: sound/banks/bank_5
[15:44:39.541] [Engine.cpp:547] [info] Loaded bank: sound/banks/bank_0
[15:44:39.542] [Engine.cpp:547] [info] Loaded bank: sound/banks/bank_1
[15:44:39.543] [Engine.cpp:547] [info] Loaded bank: sound/banks/bank_2
[15:44:39.543] [Engine.cpp:547] [info] Loaded bank: sound/banks/bank_3
[15:44:39.543] [Engine.cpp:547] [info] Loaded bank: sound/banks/bank_6
[15:44:39.543] [Engine.cpp:547] [info] Loaded bank: sound/banks/bank_9
[15:44:39.543] [Engine.cpp:547] [info] Loaded bank: sound/banks/bank_11
[15:44:39.543] [Engine.cpp:547] [info] Loaded bank: sound/banks/bank_12
[15:44:39.544] [Engine.cpp:547] [info] Loaded bank: sound/banks/bank_17
[15:44:39.544] [Engine.cpp:547] [info] Loaded bank: sound/banks/bank_20
[15:44:39.545] [Engine.cpp:557] [info] Loaded sequence: sound/sequences/moo_moo_farm
[15:44:39.545] [Engine.cpp:557] [info] Loaded sequence: sound/sequences/rainbow_road
[15:44:39.545] [Engine.cpp:557] [info] Loaded sequence: sound/sequences/battle_arenas
[15:44:39.545] [Engine.cpp:557] [info] Loaded sequence: sound/sequences/finish_2nd_4th_place
[15:44:39.545] [Engine.cpp:557] [info] Loaded sequence: sound/sequences/star_jingle
[15:44:39.546] [Engine.cpp:557] [info] Loaded sequence: sound/sequences/luigi_raceway
[15:44:39.546] [Engine.cpp:557] [info] Loaded sequence: sound/sequences/royal_raceway
[15:44:39.546] [Engine.cpp:557] [info] Loaded sequence: sound/sequences/vs_battle_results
[15:44:39.546] [Engine.cpp:557] [info] Loaded sequence: sound/sequences/frappe_snowland
[15:44:39.546] [Engine.cpp:557] [info] Loaded sequence: sound/sequences/double_deck
[15:44:39.546] [Engine.cpp:557] [info] Loaded sequence: sound/sequences/award_ceremony_1st_3rd
[15:44:39.546] [Engine.cpp:557] [info] Loaded sequence: sound/sequences/main_menu
[15:44:39.546] [Engine.cpp:557] [info] Loaded sequence: sound/sequences/finish_1st_place
[15:44:39.546] [Engine.cpp:557] [info] Loaded sequence: sound/sequences/start_grid_gp_vs
[15:44:39.547] [Engine.cpp:557] [info] Loaded sequence: sound/sequences/banshee_boardwalk
[15:44:39.547] [Engine.cpp:557] [info] Loaded sequence: sound/sequences/sound_player
[15:44:39.547] [Engine.cpp:557] [info] Loaded sequence: sound/sequences/title_screen
[15:44:39.547] [Engine.cpp:557] [info] Loaded sequence: sound/sequences/start_gird_time_attack
[15:44:39.547] [Engine.cpp:557] [info] Loaded sequence: sound/sequences/choco_mountain
[15:44:39.547] [Engine.cpp:557] [info] Loaded sequence: sound/sequences/yoshi_valley
[15:44:39.547] [Engine.cpp:557] [info] Loaded sequence: sound/sequences/block_fort
[15:44:39.547] [Engine.cpp:557] [info] Loaded sequence: sound/sequences/bowsers_castle
[15:44:39.547] [Engine.cpp:557] [info] Loaded sequence: sound/sequences/game_over
[15:44:39.547] [Engine.cpp:557] [info] Loaded sequence: sound/sequences/toads_turnpike
[15:44:39.547] [Engine.cpp:557] [info] Loaded sequence: sound/sequences/losing_results
[15:44:39.548] [Engine.cpp:557] [info] Loaded sequence: sound/sequences/award_ceremony_buildup
[15:44:39.548] [Engine.cpp:557] [info] Loaded sequence: sound/sequences/staff_roll
[15:44:39.548] [Engine.cpp:557] [info] Loaded sequence: sound/sequences/award_ceremony_4th_8th
[15:44:39.548] [Engine.cpp:557] [info] Loaded sequence: sound/sequences/finish_5th_8th_place
[15:44:39.548] [Engine.cpp:557] [info] Loaded sequence: sound/sequences/dk_jungle
[15:44:39.548] [Engine.cpp:557] [info] Loaded sequence: sound/sequences/kalimari_desert
[15:44:39.548] [Engine.cpp:557] [info] Loaded sequence: sound/sequences/wario_stadium
[15:44:39.548] [Engine.cpp:557] [info] Loaded sequence: sound/sequences/koopa_troopa_beach
[15:44:39.548] [Engine.cpp:557] [info] Loaded sequence: sound/sequences/final_lap_fanfare
[15:44:39.548] [Engine.cpp:557] [info] Loaded sequence: sound/sequences/winning_results
[15:44:39.548] [Engine.cpp:557] [info] Loaded sequence: sound/sequences/mario_raceway
[15:44:39.549] [Engine.cpp:563] [info] Audio thread started
[15:44:39.549] [SceneManager.cpp:156] [info] [SceneManager] [LoadTrackInfo] Loading TrackInfo...
[SceneManager] [LoadTrackInfoData] ResourceName: hm:harbour, Name: harbour, DebugName: harbour, Length: 100m
[15:44:39.550] [SceneManager.cpp:182] [info] [SceneManager] [LoadTrackInfo] Loaded TrackInfo!

[TrackBrowser] Added custom track harbour
[Game] Registering Game Content...
[Game] Game Content Registered!

Pool Start: 0x109315550, Pool End: 0x11931554f, size: 0xFFFFFFF
gNextFreeMemoryAddress: 0x109315550

[15:44:39.734] [os.cpp:23] [error] Failed add SDL game controller mappings from "./gamecontrollerdb.txt" (Invalid RWops)
libc++abi: terminating due to uncaught exception of type std::out_of_range: unordered_map::at: key not found
