🎮 run-spmc-macos.sh v0.15 — Mon Mar 30 15:36:10 CEST 2026
   Backend: OpenGL (Intel Mac default — safest)
   Log:     /Users/matthias/Documents/GitHub/spaghettikart-maccheese/logs/run-20260330-1536.log
2026-03-30 15:36:10 [info] Config backup → logs/spaghettify.cfg.json.backup-20260330-1536

2026-03-30 15:36:10 [info] Patching backend → OpenGL (id 1)...
   Patched: Backend → OpenGL (id 1)

2026-03-30 15:36:10 [info] Preflight checks...
2026-03-30 15:36:10 [info] Binary:  10M

2026-03-30 15:36:10 [info] Launching SpaghettiKart (OpenGL)...
[2026-03-30 15:36:10.586] [info] [ArchiveManager.cpp:243] Reading archive: /Users/matthias/Documents/GitHub/spaghettikart-maccheese/SpaghettiKart/build-cmake/./spaghetti.o2r
[2026-03-30 15:36:10.588] [info] [ArchiveManager.cpp:275] Adding Archive /Users/matthias/Documents/GitHub/spaghettikart-maccheese/SpaghettiKart/build-cmake/./spaghetti.o2r to Archive Manager
[15:36:11.315] [Engine.cpp:187] [info] Spaghetti Kart 0
[15:36:11.315] [Engine.cpp:188] [info] Debug Mode deactivated
[15:36:11.370] [ModManager.cpp:238] [info] Loaded mod: mk64-assets
Mod Name: mk64-assets
Version: 1.0.0-alpha1
Dependencies:

[15:36:11.371] [ModManager.cpp:238] [info] Loaded mod: extended-assets
Mod Name: extended-assets
Version: 1.0.0-alpha1
Dependencies:

[15:36:11.371] [ModManager.cpp:289] [info] [ModManager] Detected Mods:
[15:36:11.371] [ModManager.cpp:291] [info]  - spaghettikart-core v0.1.0
[15:36:11.371] [ModManager.cpp:291] [info]  - mk64-assets v1.0.0-alpha1
[15:36:11.371] [ModManager.cpp:291] [info]  - extended-assets v1.0.0-alpha1
[15:36:11.413] [ArchiveManager.cpp:275] [info] Adding Archive ./mk64.o2r to Archive Manager
[15:36:11.430] [ArchiveManager.cpp:275] [info] Adding Archive ./spaghetti.o2r to Archive Manager
[15:36:11.440] [Engine.cpp:547] [info] Loaded bank: sound/banks/bank_8
[15:36:11.443] [Engine.cpp:547] [info] Loaded bank: sound/banks/bank_10
[15:36:11.445] [Engine.cpp:547] [info] Loaded bank: sound/banks/bank_18
[15:36:11.447] [Engine.cpp:547] [info] Loaded bank: sound/banks/bank_15
[15:36:11.449] [Engine.cpp:547] [info] Loaded bank: sound/banks/bank_19
[15:36:11.449] [Engine.cpp:547] [info] Loaded bank: sound/banks/bank_13
[15:36:11.449] [Engine.cpp:547] [info] Loaded bank: sound/banks/bank_7
[15:36:11.449] [Engine.cpp:547] [info] Loaded bank: sound/banks/bank_16
[15:36:11.450] [Engine.cpp:547] [info] Loaded bank: sound/banks/bank_4
[15:36:11.450] [Engine.cpp:547] [info] Loaded bank: sound/banks/bank_14
[15:36:11.450] [Engine.cpp:547] [info] Loaded bank: sound/banks/bank_5
[15:36:11.469] [Engine.cpp:547] [info] Loaded bank: sound/banks/bank_0
[15:36:11.470] [Engine.cpp:547] [info] Loaded bank: sound/banks/bank_1
[15:36:11.471] [Engine.cpp:547] [info] Loaded bank: sound/banks/bank_2
[15:36:11.471] [Engine.cpp:547] [info] Loaded bank: sound/banks/bank_3
[15:36:11.471] [Engine.cpp:547] [info] Loaded bank: sound/banks/bank_6
[15:36:11.471] [Engine.cpp:547] [info] Loaded bank: sound/banks/bank_9
[15:36:11.472] [Engine.cpp:547] [info] Loaded bank: sound/banks/bank_11
[15:36:11.472] [Engine.cpp:547] [info] Loaded bank: sound/banks/bank_12
[15:36:11.472] [Engine.cpp:547] [info] Loaded bank: sound/banks/bank_17
[15:36:11.472] [Engine.cpp:547] [info] Loaded bank: sound/banks/bank_20
[15:36:11.472] [Engine.cpp:557] [info] Loaded sequence: sound/sequences/moo_moo_farm
[15:36:11.473] [Engine.cpp:557] [info] Loaded sequence: sound/sequences/rainbow_road
[15:36:11.473] [Engine.cpp:557] [info] Loaded sequence: sound/sequences/battle_arenas
[15:36:11.473] [Engine.cpp:557] [info] Loaded sequence: sound/sequences/finish_2nd_4th_place
[15:36:11.473] [Engine.cpp:557] [info] Loaded sequence: sound/sequences/star_jingle
[15:36:11.473] [Engine.cpp:557] [info] Loaded sequence: sound/sequences/luigi_raceway
[15:36:11.474] [Engine.cpp:557] [info] Loaded sequence: sound/sequences/royal_raceway
[15:36:11.474] [Engine.cpp:557] [info] Loaded sequence: sound/sequences/vs_battle_results
[15:36:11.474] [Engine.cpp:557] [info] Loaded sequence: sound/sequences/frappe_snowland
[15:36:11.474] [Engine.cpp:557] [info] Loaded sequence: sound/sequences/double_deck
[15:36:11.474] [Engine.cpp:557] [info] Loaded sequence: sound/sequences/award_ceremony_1st_3rd
[15:36:11.474] [Engine.cpp:557] [info] Loaded sequence: sound/sequences/main_menu
[15:36:11.474] [Engine.cpp:557] [info] Loaded sequence: sound/sequences/finish_1st_place
[15:36:11.474] [Engine.cpp:557] [info] Loaded sequence: sound/sequences/start_grid_gp_vs
[15:36:11.475] [Engine.cpp:557] [info] Loaded sequence: sound/sequences/banshee_boardwalk
[15:36:11.475] [Engine.cpp:557] [info] Loaded sequence: sound/sequences/sound_player
[15:36:11.475] [Engine.cpp:557] [info] Loaded sequence: sound/sequences/title_screen
[15:36:11.475] [Engine.cpp:557] [info] Loaded sequence: sound/sequences/start_gird_time_attack
[15:36:11.475] [Engine.cpp:557] [info] Loaded sequence: sound/sequences/choco_mountain
[15:36:11.475] [Engine.cpp:557] [info] Loaded sequence: sound/sequences/yoshi_valley
[15:36:11.475] [Engine.cpp:557] [info] Loaded sequence: sound/sequences/block_fort
[15:36:11.475] [Engine.cpp:557] [info] Loaded sequence: sound/sequences/bowsers_castle
[15:36:11.475] [Engine.cpp:557] [info] Loaded sequence: sound/sequences/game_over
[15:36:11.475] [Engine.cpp:557] [info] Loaded sequence: sound/sequences/toads_turnpike
[15:36:11.475] [Engine.cpp:557] [info] Loaded sequence: sound/sequences/losing_results
[15:36:11.475] [Engine.cpp:557] [info] Loaded sequence: sound/sequences/award_ceremony_buildup
[15:36:11.476] [Engine.cpp:557] [info] Loaded sequence: sound/sequences/staff_roll
[15:36:11.476] [Engine.cpp:557] [info] Loaded sequence: sound/sequences/award_ceremony_4th_8th
[15:36:11.476] [Engine.cpp:557] [info] Loaded sequence: sound/sequences/finish_5th_8th_place
[15:36:11.476] [Engine.cpp:557] [info] Loaded sequence: sound/sequences/dk_jungle
[15:36:11.476] [Engine.cpp:557] [info] Loaded sequence: sound/sequences/kalimari_desert
[15:36:11.476] [Engine.cpp:557] [info] Loaded sequence: sound/sequences/wario_stadium
[15:36:11.476] [Engine.cpp:557] [info] Loaded sequence: sound/sequences/koopa_troopa_beach
[15:36:11.476] [Engine.cpp:557] [info] Loaded sequence: sound/sequences/final_lap_fanfare
[15:36:11.476] [Engine.cpp:557] [info] Loaded sequence: sound/sequences/winning_results
[15:36:11.476] [Engine.cpp:557] [info] Loaded sequence: sound/sequences/mario_raceway
[15:36:11.476] [Engine.cpp:563] [info] Audio thread started
[15:36:11.477] [SceneManager.cpp:156] [info] [SceneManager] [LoadTrackInfo] Loading TrackInfo...
[SceneManager] [LoadTrackInfoData] ResourceName: hm:harbour, Name: harbour, DebugName: harbour, Length: 100m
[TrackBrowser] Added custom track harbour
[15:36:11.478] [SceneManager.cpp:182] [info] [SceneManager] [LoadTrackInfo] Loaded TrackInfo!

[Game] Registering Game Content...
[Game] Game Content Registered!

Pool Start: 0x1105e8580, Pool End: 0x1205e857f, size: 0xFFFFFFF
gNextFreeMemoryAddress: 0x1105E8580

[15:36:11.612] [os.cpp:23] [error] Failed add SDL game controller mappings from "./gamecontrollerdb.txt" (Invalid RWops)
libc++abi: terminating due to uncaught exception of type std::out_of_range: unordered_map::at: key not found
Editor: Loading Editor...
Editor: Loading Complete!
